<?xml version="1.0" encoding="UTF-8"?>
<!-- Generated by org.testng.reporters.JUnitXMLReporter -->
<testsuite ignored="4" hostname="DESKTOP-BQ7QMP0" failures="0" tests="4" name="Surefire test" time="28.606" errors="0" timestamp="2025-06-18T19:49:53 IST">
  <testcase classname="Campaign.Config.CampaignTest" name="creatCampaignWithExpectedDateTest" time="4.816"/>
  <testcase classname="Campaign.Config.CampaignTest" name="createCampaignWithMandatoryTest" time="1.579"/>
  <testcase classname="Campaign.Config.CampaignTest" name="createCampaignWithStatusTest" time="1.718"/>
  <testcase classname="Product.Config.ProductTest" name="createProductWithMandatoryFieldsTest" time="2.478"/>
  <testcase classname="BaseClassConfig.BaseClass" name="@AfterSuite afterSuite" time="0.0">
    <ignored/>
  </testcase> <!-- @AfterSuite afterSuite -->
  <testcase classname="BaseClassConfig.BaseClass" name="@AfterTest afterTest" time="0.0">
    <ignored/>
  </testcase> <!-- @AfterTest afterTest -->
  <testcase classname="BaseClassConfig.BaseClass" name="@BeforeTest beforeTest" time="0.0">
    <ignored/>
  </testcase> <!-- @BeforeTest beforeTest -->
  <testcase classname="BaseClassConfig.BaseClass" name="@BeforeSuite beforeSuite" time="0.0">
    <ignored/>
  </testcase> <!-- @BeforeSuite beforeSuite -->
</testsuite> <!-- Surefire test -->
