<?xml version="1.0" encoding="UTF-8"?>
<!-- Generated by org.testng.reporters.JUnitXMLReporter -->
<testsuite ignored="6" hostname="DESKTOP-BQ7QMP0" failures="0" tests="2" name="Test" time="34.923" errors="0" timestamp="2025-06-09T19:37:48 IST">
  <testcase classname="BaseClassConfig.BaseClass" name="@AfterMethod afterMethod" time="1.132">
    <failure type="org.openqa.selenium.ElementClickInterceptedException" message="element click intercepted: Element &amp;lt;div class=&amp;quot;user-icon&amp;quot; style=&amp;quot;border: 1px solid white; background-color: rgb(115, 61, 94);&amp;quot;&amp;gt;...&amp;lt;/div&amp;gt; is not clickable at point (1279, 35). Other element would receive the click: &amp;lt;div class=&amp;quot;Toastify__toast Toastify__toast--success&amp;quot; style=&amp;quot;&amp;quot;&amp;gt;...&amp;lt;/div&amp;gt;
  (Session info: MicrosoftEdge=137.0.3296.68)
Build info: version: &amp;apos;4.28.1&amp;apos;, revision: &amp;apos;73f5ad48a2&amp;apos;
System info: os.name: &amp;apos;Windows 10&amp;apos;, os.arch: &amp;apos;amd64&amp;apos;, os.version: &amp;apos;10.0&amp;apos;, java.version: &amp;apos;23.0.1&amp;apos;
Driver info: org.openqa.selenium.edge.EdgeDriver
Command: [8f880648203f40d6db949e3296f9093e, clickElement {id=f.1166E941522F56313FAC40317EFA4B00.d.3F80CD54E0A7E16BB19668A7C059CF0C.e.428}]
Capabilities {acceptInsecureCerts: false, browserName: MicrosoftEdge, browserVersion: 137.0.3296.68, fedcm:accounts: true, ms:edgeOptions: {debuggerAddress: localhost:55889}, msedge: {msedgedriverVersion: 137.0.3296.68 (f3affdcf267b..., userDataDir: C:\Users\QSP\AppData\Local\...}, networkConnectionEnabled: false, pageLoadStrategy: normal, platformName: windows, proxy: Proxy(), se:cdp: ws://localhost:55889/devtoo..., se:cdpVersion: 137.0.3296.68, setWindowRect: true, strictFileInteractability: false, timeouts: {implicit: 0, pageLoad: 300000, script: 30000}, unhandledPromptBehavior: dismiss and notify, webauthn:extension:credBlob: true, webauthn:extension:largeBlob: true, webauthn:extension:minPinLength: true, webauthn:extension:prf: true, webauthn:virtualAuthenticators: true}
Element: [[EdgeDriver: MicrosoftEdge on windows (8f880648203f40d6db949e3296f9093e)] -&amp;gt; class name: user-icon]
Session ID: 8f880648203f40d6db949e3296f9093e">
      <![CDATA[org.openqa.selenium.ElementClickInterceptedException: element click intercepted: Element <div class="user-icon" style="border: 1px solid white; background-color: rgb(115, 61, 94);">...</div> is not clickable at point (1279, 35). Other element would receive the click: <div class="Toastify__toast Toastify__toast--success" style="">...</div>
  (Session info: MicrosoftEdge=137.0.3296.68)
Build info: version: '4.28.1', revision: '73f5ad48a2'
System info: os.name: 'Windows 10', os.arch: 'amd64', os.version: '10.0', java.version: '23.0.1'
Driver info: org.openqa.selenium.edge.EdgeDriver
Command: [8f880648203f40d6db949e3296f9093e, clickElement {id=f.1166E941522F56313FAC40317EFA4B00.d.3F80CD54E0A7E16BB19668A7C059CF0C.e.428}]
Capabilities {acceptInsecureCerts: false, browserName: MicrosoftEdge, browserVersion: 137.0.3296.68, fedcm:accounts: true, ms:edgeOptions: {debuggerAddress: localhost:55889}, msedge: {msedgedriverVersion: 137.0.3296.68 (f3affdcf267b..., userDataDir: C:\Users\QSP\AppData\Local\...}, networkConnectionEnabled: false, pageLoadStrategy: normal, platformName: windows, proxy: Proxy(), se:cdp: ws://localhost:55889/devtoo..., se:cdpVersion: 137.0.3296.68, setWindowRect: true, strictFileInteractability: false, timeouts: {implicit: 0, pageLoad: 300000, script: 30000}, unhandledPromptBehavior: dismiss and notify, webauthn:extension:credBlob: true, webauthn:extension:largeBlob: true, webauthn:extension:minPinLength: true, webauthn:extension:prf: true, webauthn:virtualAuthenticators: true}
Element: [[EdgeDriver: MicrosoftEdge on windows (8f880648203f40d6db949e3296f9093e)] -> class name: user-icon]
Session ID: 8f880648203f40d6db949e3296f9093e
at org.openqa.selenium.remote.ErrorCodec.decode(ErrorCodec.java:167)
at org.openqa.selenium.remote.codec.w3c.W3CHttpResponseCodec.decode(W3CHttpResponseCodec.java:138)
at org.openqa.selenium.remote.codec.w3c.W3CHttpResponseCodec.decode(W3CHttpResponseCodec.java:50)
at org.openqa.selenium.remote.HttpCommandExecutor.execute(HttpCommandExecutor.java:215)
at org.openqa.selenium.remote.service.DriverCommandExecutor.invokeExecute(DriverCommandExecutor.java:216)
at org.openqa.selenium.remote.service.DriverCommandExecutor.execute(DriverCommandExecutor.java:174)
at org.openqa.selenium.remote.RemoteWebDriver.execute(RemoteWebDriver.java:545)
at org.openqa.selenium.remote.RemoteWebElement.execute(RemoteWebElement.java:223)
at org.openqa.selenium.remote.RemoteWebElement.click(RemoteWebElement.java:76)
at org.openqa.selenium.support.pagefactory.internal.LocatingElementHandler.invoke(LocatingElementHandler.java:51)
at jdk.proxy2/jdk.proxy2.$Proxy19.click(Unknown Source)
at BaseClassConfig.BaseClass.afterMethod(BaseClass.java:73)
at java.base/java.util.ArrayList.forEach(ArrayList.java:1597)
... Removed 35 stack frames]]>
    </failure>
  </testcase> <!-- @AfterMethod afterMethod -->
  <testcase classname="BaseClassConfig.BaseClass" name="@AfterClass afterClass" time="-1.74947806827E9">
    <skipped/>
  </testcase> <!-- @AfterClass afterClass -->
  <testcase classname="Campaign.Config.CampaignTest" name="creatCampaignWithExpectedDate" time="11.387"/>
  <testcase classname="Product.Config.ProductTest" name="createProductWithMandatoryFields" time="5.814"/>
  <testcase classname="BaseClassConfig.BaseClass" name="@BeforeSuite beforeSuite" time="0.0">
    <ignored/>
  </testcase> <!-- @BeforeSuite beforeSuite -->
  <testcase classname="BaseClassConfig.BaseClass" name="@BeforeTest beforeTest" time="0.0">
    <ignored/>
  </testcase> <!-- @BeforeTest beforeTest -->
  <testcase classname="Campaign.Config.CampaignTest" name="createCampaignWithMandatory" time="0.0">
    <ignored/>
  </testcase> <!-- createCampaignWithMandatory -->
  <testcase classname="BaseClassConfig.BaseClass" name="@AfterTest afterTest" time="0.0">
    <ignored/>
  </testcase> <!-- @AfterTest afterTest -->
  <testcase classname="BaseClassConfig.BaseClass" name="@AfterSuite afterSuite" time="0.0">
    <ignored/>
  </testcase> <!-- @AfterSuite afterSuite -->
  <testcase classname="Campaign.Config.CampaignTest" name="createCampaignWithStatus" time="0.0">
    <ignored/>
  </testcase> <!-- createCampaignWithStatus -->
</testsuite> <!-- Test -->
