<?xml version="1.0" encoding="UTF-8"?>
<testng-results ignored="0" total="4" passed="4" failed="0" skipped="0">
  <reporter-output>
  </reporter-output>
  <suite started-at="2025-06-18T19:49:24 IST" name="Surefire suite" finished-at="2025-06-18T19:49:53 IST" duration-ms="28606">
    <groups>
      <group name="Regression">
        <method signature="CampaignTest.creatCampaignWithExpectedDateTest()[pri:0, instance:Campaign.Config.CampaignTest@4a22f9e2]" name="creatCampaignWithExpectedDateTest" class="Campaign.Config.CampaignTest"/>
        <method signature="ProductTest.createProductWithMandatoryFieldsTest()[pri:0, instance:Product.Config.ProductTest@3e2e18f2]" name="createProductWithMandatoryFieldsTest" class="Product.Config.ProductTest"/>
      </group> <!-- Regression -->
      <group name="Smoke">
        <method signature="CampaignTest.createCampaignWithMandatoryTest()[pri:0, instance:Campaign.Config.CampaignTest@4a22f9e2]" name="createCampaignWithMandatoryTest" class="Campaign.Config.CampaignTest"/>
        <method signature="CampaignTest.createCampaignWithStatusTest()[pri:0, instance:Campaign.Config.CampaignTest@4a22f9e2]" name="createCampaignWithStatusTest" class="Campaign.Config.CampaignTest"/>
      </group> <!-- Smoke -->
    </groups>
    <test started-at="2025-06-18T19:49:24 IST" name="Surefire test" finished-at="2025-06-18T19:49:53 IST" duration-ms="28606">
      <class name="Campaign.Config.CampaignTest">
        <test-method is-config="true" signature="beforeSuite()[pri:0, instance:Campaign.Config.CampaignTest@4a22f9e2]" started-at="2025-06-18T19:49:24 IST" name="beforeSuite" finished-at="2025-06-18T19:49:24 IST" duration-ms="26" status="PASS">
          <reporter-output>
          </reporter-output>
        </test-method> <!-- beforeSuite -->
        <test-method is-config="true" signature="beforeTest()[pri:0, instance:Campaign.Config.CampaignTest@4a22f9e2]" started-at="2025-06-18T19:49:24 IST" name="beforeTest" finished-at="2025-06-18T19:49:24 IST" duration-ms="1" status="PASS">
          <reporter-output>
          </reporter-output>
        </test-method> <!-- beforeTest -->
        <test-method is-config="true" signature="beforeClass()[pri:0, instance:Campaign.Config.CampaignTest@4a22f9e2]" started-at="2025-06-18T19:49:24 IST" name="beforeClass" finished-at="2025-06-18T19:49:27 IST" duration-ms="3264" status="PASS">
          <reporter-output>
          </reporter-output>
        </test-method> <!-- beforeClass -->
        <test-method is-config="true" signature="beforeMethod()[pri:0, instance:Campaign.Config.CampaignTest@4a22f9e2]" started-at="2025-06-18T19:49:27 IST" name="beforeMethod" finished-at="2025-06-18T19:49:30 IST" duration-ms="2367" status="PASS">
          <reporter-output>
          </reporter-output>
        </test-method> <!-- beforeMethod -->
        <test-method signature="creatCampaignWithExpectedDateTest()[pri:0, instance:Campaign.Config.CampaignTest@4a22f9e2]" started-at="2025-06-18T19:49:30 IST" name="creatCampaignWithExpectedDateTest" finished-at="2025-06-18T19:49:34 IST" duration-ms="4816" status="PASS">
          <reporter-output>
          </reporter-output>
        </test-method> <!-- creatCampaignWithExpectedDateTest -->
        <test-method is-config="true" signature="afterMethod()[pri:0, instance:Campaign.Config.CampaignTest@4a22f9e2]" started-at="2025-06-18T19:49:34 IST" name="afterMethod" finished-at="2025-06-18T19:49:35 IST" duration-ms="690" status="PASS">
          <reporter-output>
          </reporter-output>
        </test-method> <!-- afterMethod -->
        <test-method is-config="true" signature="beforeMethod()[pri:0, instance:Campaign.Config.CampaignTest@4a22f9e2]" started-at="2025-06-18T19:49:35 IST" name="beforeMethod" finished-at="2025-06-18T19:49:37 IST" duration-ms="1357" status="PASS">
          <reporter-output>
          </reporter-output>
        </test-method> <!-- beforeMethod -->
        <test-method signature="createCampaignWithMandatoryTest()[pri:0, instance:Campaign.Config.CampaignTest@4a22f9e2]" started-at="2025-06-18T19:49:37 IST" name="createCampaignWithMandatoryTest" finished-at="2025-06-18T19:49:38 IST" duration-ms="1579" status="PASS">
          <reporter-output>
          </reporter-output>
        </test-method> <!-- createCampaignWithMandatoryTest -->
        <test-method is-config="true" signature="afterMethod()[pri:0, instance:Campaign.Config.CampaignTest@4a22f9e2]" started-at="2025-06-18T19:49:38 IST" name="afterMethod" finished-at="2025-06-18T19:49:39 IST" duration-ms="532" status="PASS">
          <reporter-output>
          </reporter-output>
        </test-method> <!-- afterMethod -->
        <test-method is-config="true" signature="beforeMethod()[pri:0, instance:Campaign.Config.CampaignTest@4a22f9e2]" started-at="2025-06-18T19:49:39 IST" name="beforeMethod" finished-at="2025-06-18T19:49:40 IST" duration-ms="1093" status="PASS">
          <reporter-output>
          </reporter-output>
        </test-method> <!-- beforeMethod -->
        <test-method signature="createCampaignWithStatusTest()[pri:0, instance:Campaign.Config.CampaignTest@4a22f9e2]" started-at="2025-06-18T19:49:40 IST" name="createCampaignWithStatusTest" finished-at="2025-06-18T19:49:41 IST" duration-ms="1718" status="PASS">
          <reporter-output>
          </reporter-output>
        </test-method> <!-- createCampaignWithStatusTest -->
        <test-method is-config="true" signature="afterMethod()[pri:0, instance:Campaign.Config.CampaignTest@4a22f9e2]" started-at="2025-06-18T19:49:41 IST" name="afterMethod" finished-at="2025-06-18T19:49:42 IST" duration-ms="536" status="PASS">
          <reporter-output>
          </reporter-output>
        </test-method> <!-- afterMethod -->
        <test-method is-config="true" signature="afterClass()[pri:0, instance:Campaign.Config.CampaignTest@4a22f9e2]" started-at="2025-06-18T19:49:42 IST" name="afterClass" finished-at="2025-06-18T19:49:44 IST" duration-ms="1720" status="PASS">
          <reporter-output>
          </reporter-output>
        </test-method> <!-- afterClass -->
        <test-method is-config="true" signature="afterTest()[pri:0, instance:Campaign.Config.CampaignTest@4a22f9e2]" started-at="2025-06-18T19:49:53 IST" name="afterTest" finished-at="2025-06-18T19:49:53 IST" duration-ms="1" status="PASS">
          <reporter-output>
          </reporter-output>
        </test-method> <!-- afterTest -->
        <test-method is-config="true" signature="afterSuite()[pri:0, instance:Campaign.Config.CampaignTest@4a22f9e2]" started-at="2025-06-18T19:49:53 IST" name="afterSuite" finished-at="2025-06-18T19:49:53 IST" duration-ms="1" status="PASS">
          <reporter-output>
          </reporter-output>
        </test-method> <!-- afterSuite -->
      </class> <!-- Campaign.Config.CampaignTest -->
      <class name="Product.Config.ProductTest">
        <test-method is-config="true" signature="beforeClass()[pri:0, instance:Product.Config.ProductTest@3e2e18f2]" started-at="2025-06-18T19:49:44 IST" name="beforeClass" finished-at="2025-06-18T19:49:46 IST" duration-ms="2023" status="PASS">
          <reporter-output>
          </reporter-output>
        </test-method> <!-- beforeClass -->
        <test-method is-config="true" signature="beforeMethod()[pri:0, instance:Product.Config.ProductTest@3e2e18f2]" started-at="2025-06-18T19:49:46 IST" name="beforeMethod" finished-at="2025-06-18T19:49:48 IST" duration-ms="2049" status="PASS">
          <reporter-output>
          </reporter-output>
        </test-method> <!-- beforeMethod -->
        <test-method signature="createProductWithMandatoryFieldsTest()[pri:0, instance:Product.Config.ProductTest@3e2e18f2]" started-at="2025-06-18T19:49:48 IST" name="createProductWithMandatoryFieldsTest" finished-at="2025-06-18T19:49:50 IST" duration-ms="2478" status="PASS">
          <reporter-output>
          </reporter-output>
        </test-method> <!-- createProductWithMandatoryFieldsTest -->
        <test-method is-config="true" signature="afterMethod()[pri:0, instance:Product.Config.ProductTest@3e2e18f2]" started-at="2025-06-18T19:49:50 IST" name="afterMethod" finished-at="2025-06-18T19:49:51 IST" duration-ms="645" status="PASS">
          <reporter-output>
          </reporter-output>
        </test-method> <!-- afterMethod -->
        <test-method is-config="true" signature="afterClass()[pri:0, instance:Product.Config.ProductTest@3e2e18f2]" started-at="2025-06-18T19:49:51 IST" name="afterClass" finished-at="2025-06-18T19:49:53 IST" duration-ms="1618" status="PASS">
          <reporter-output>
          </reporter-output>
        </test-method> <!-- afterClass -->
      </class> <!-- Product.Config.ProductTest -->
    </test> <!-- Surefire test -->
  </suite> <!-- Surefire suite -->
</testng-results>
