<?xml version="1.0" encoding="UTF-8"?>
<testsuite xmlns:xsi="http://www.w3.org/2001/XMLSchema-instance" xsi:noNamespaceSchemaLocation="https://maven.apache.org/surefire/maven-surefire-plugin/xsd/surefire-test-report-3.0.xsd" version="3.0" name="TestSuite" time="30.845" tests="4" errors="0" skipped="0" failures="0">
  <properties>
[...]
</properties>
  <testcase name="creatCampaignWithExpectedDateTest" classname="Campaign.Config.CampaignTest" time="4.794">
    <system-out><![CDATA[Report configuration
establish database connectivity
preconditions
launching browser
Login done
]]></system-out>
    <system-err><![CDATA[SLF4J: Failed to load class "org.slf4j.impl.StaticLoggerBinder".
SLF4J: Defaulting to no-operation (NOP) logger implementation
SLF4J: See http://www.slf4j.org/codes.html#StaticLoggerBinder for further details.
Jun 18, 2025 7:49:27 PM org.openqa.selenium.devtools.CdpVersionFinder findNearestMatch
WARNING: Unable to find CDP implementation matching 137
Jun 18, 2025 7:49:27 PM org.openqa.selenium.chromium.ChromiumDriver lambda$new$4
WARNING: Unable to find version of CDP to use for 137.0.3296.83. You may need to include a dependency on a specific version of the CDP using something similar to `org.seleniumhq.selenium:selenium-devtools-v86:4.28.1` where the version ("v86") matches the version of the chromium-based browser you're using and the version number of the artifact is the same as Selenium's.
]]></system-err>
  </testcase>
  <testcase name="createCampaignWithMandatoryTest" classname="Campaign.Config.CampaignTest" time="1.569">
    <system-out><![CDATA[logout done
Login done
]]></system-out>
  </testcase>
  <testcase name="createCampaignWithStatusTest" classname="Campaign.Config.CampaignTest" time="1.715">
    <system-out><![CDATA[logout done
Login done
]]></system-out>
  </testcase>
  <testcase name="createProductWithMandatoryFieldsTest" classname="Product.Config.ProductTest" time="2.478">
    <system-out><![CDATA[logout done
closing browser
launching browser
Login done
]]></system-out>
    <system-err><![CDATA[Jun 18, 2025 7:49:46 PM org.openqa.selenium.devtools.CdpVersionFinder findNearestMatch
WARNING: Unable to find CDP implementation matching 137
Jun 18, 2025 7:49:46 PM org.openqa.selenium.chromium.ChromiumDriver lambda$new$4
WARNING: Unable to find version of CDP to use for 137.0.3296.83. You may need to include a dependency on a specific version of the CDP using something similar to `org.seleniumhq.selenium:selenium-devtools-v86:4.28.1` where the version ("v86") matches the version of the chromium-based browser you're using and the version number of the artifact is the same as Selenium's.
]]></system-err>
  </testcase>
</testsuite>